This is pdfTeX, Version 3.14159265-2.6-1.40.21 (TeX Live 2020/Arch Linux) (preloaded format=pdflatex 2020.10.8)  3 NOV 2020 23:56
entering extended mode
 restricted \write18 enabled.
 %&-line parsing enabled.
**extended.tex
(./extended.tex
LaTeX2e <2020-02-02> patch level 5
L3 programming layer <2020-06-03>
(/usr/share/texmf-dist/tex/latex/base/article.cls
Document Class: article 2019/12/20 v1.4l Standard LaTeX document class
(/usr/share/texmf-dist/tex/latex/base/size12.clo
File: size12.clo 2019/12/20 v1.4l Standard LaTeX file (size option)
)
\c@part=\count167
\c@section=\count168
\c@subsection=\count169
\c@subsubsection=\count170
\c@paragraph=\count171
\c@subparagraph=\count172
\c@figure=\count173
\c@table=\count174
\abovecaptionskip=\skip47
\belowcaptionskip=\skip48
\bibindent=\dimen134
)
(/usr/share/texmf-dist/tex/latex/blindtext/blindtext.sty
Package: blindtext 2012/01/06 V2.0 blindtext-Package

(/usr/share/texmf-dist/tex/latex/tools/xspace.sty
Package: xspace 2014/10/28 v1.13 Space after command names (DPC,MH)
)
\c@blindtext=\count175
\c@Blindtext=\count176
\c@blind@countparstart=\count177
\blind@countxx=\count178
\blindtext@numBlindtext=\count179
\blind@countyy=\count180
\c@blindlist=\count181
\c@blindlistlevel=\count182
\c@blindlist@level=\count183
\blind@listitem=\count184
\c@blind@listcount=\count185
\c@blind@levelcount=\count186
\blind@mathformula=\count187
\blind@Mathformula=\count188
\c@blind@randomcount=\count189
\c@blind@randommax=\count190
\c@blind@pangramcount=\count191
\c@blind@pangrammax=\count192
)
(/usr/share/texmf-dist/tex/latex/graphics/graphicx.sty
Package: graphicx 2019/11/30 v1.2a Enhanced LaTeX Graphics (DPC,SPQR)

(/usr/share/texmf-dist/tex/latex/graphics/keyval.sty
Package: keyval 2014/10/28 v1.15 key=value parser (DPC)
\KV@toks@=\toks15
)
(/usr/share/texmf-dist/tex/latex/graphics/graphics.sty
Package: graphics 2019/11/30 v1.4a Standard LaTeX Graphics (DPC,SPQR)

(/usr/share/texmf-dist/tex/latex/graphics/trig.sty
Package: trig 2016/01/03 v1.10 sin cos tan (DPC)
)
(/usr/share/texmf-dist/tex/latex/graphics-cfg/graphics.cfg
File: graphics.cfg 2016/06/04 v1.11 sample graphics configuration
)
Package graphics Info: Driver file: pdftex.def on input line 105.

(/usr/share/texmf-dist/tex/latex/graphics-def/pdftex.def
File: pdftex.def 2018/01/08 v1.0l Graphics/color driver for pdftex
))
\Gin@req@height=\dimen135
\Gin@req@width=\dimen136
)
(/usr/share/texmf-dist/tex/latex/caption/subcaption.sty
Package: subcaption 2020/01/22 v1.3d Sub-captions (AR)

(/usr/share/texmf-dist/tex/latex/caption/caption.sty
Package: caption 2020/05/10 v3.4j Customizing captions (AR)

(/usr/share/texmf-dist/tex/latex/caption/caption3.sty
Package: caption3 2020/05/10 v1.11 caption3 kernel (AR)
Package caption3 Info: TeX engine: e-TeX on input line 61.
\captionmargin=\dimen137
\captionmargin@=\dimen138
\captionwidth=\dimen139
\caption@tempdima=\dimen140
\caption@indent=\dimen141
\caption@parindent=\dimen142
\caption@hangindent=\dimen143
Package caption Info: Standard document class detected.
)
\c@caption@flags=\count193
\c@continuedfloat=\count194
)
\c@subfigure=\count195
\c@subtable=\count196
)
(/usr/share/texmf-dist/tex/latex/hyperref/hyperref.sty
Package: hyperref 2020-05-15 v7.00e Hypertext links for LaTeX

(/usr/share/texmf-dist/tex/generic/ltxcmds/ltxcmds.sty
Package: ltxcmds 2019/12/15 v1.24 LaTeX kernel commands for general use (HO)
)
(/usr/share/texmf-dist/tex/generic/iftex/iftex.sty
Package: iftex 2020/03/06 v1.0d TeX engine tests
)
(/usr/share/texmf-dist/tex/latex/pdftexcmds/pdftexcmds.sty
Package: pdftexcmds 2020-06-04 v0.32 Utility functions of pdfTeX for LuaTeX (HO
)

(/usr/share/texmf-dist/tex/generic/infwarerr/infwarerr.sty
Package: infwarerr 2019/12/03 v1.5 Providing info/warning/error messages (HO)
)
Package pdftexcmds Info: \pdf@primitive is available.
Package pdftexcmds Info: \pdf@ifprimitive is available.
Package pdftexcmds Info: \pdfdraftmode found.
)
(/usr/share/texmf-dist/tex/generic/kvsetkeys/kvsetkeys.sty
Package: kvsetkeys 2019/12/15 v1.18 Key value parser (HO)
)
(/usr/share/texmf-dist/tex/generic/kvdefinekeys/kvdefinekeys.sty
Package: kvdefinekeys 2019-12-19 v1.6 Define keys (HO)
)
(/usr/share/texmf-dist/tex/generic/pdfescape/pdfescape.sty
Package: pdfescape 2019/12/09 v1.15 Implements pdfTeX's escape features (HO)
)
(/usr/share/texmf-dist/tex/latex/hycolor/hycolor.sty
Package: hycolor 2020-01-27 v1.10 Color options for hyperref/bookmark (HO)
)
(/usr/share/texmf-dist/tex/latex/letltxmacro/letltxmacro.sty
Package: letltxmacro 2019/12/03 v1.6 Let assignment for LaTeX macros (HO)
)
(/usr/share/texmf-dist/tex/latex/auxhook/auxhook.sty
Package: auxhook 2019-12-17 v1.6 Hooks for auxiliary files (HO)
)
(/usr/share/texmf-dist/tex/latex/kvoptions/kvoptions.sty
Package: kvoptions 2019/11/29 v3.13 Key value format for package options (HO)
)
\@linkdim=\dimen144
\Hy@linkcounter=\count197
\Hy@pagecounter=\count198

(/usr/share/texmf-dist/tex/latex/hyperref/pd1enc.def
File: pd1enc.def 2020-05-15 v7.00e Hyperref: PDFDocEncoding definition (HO)
Now handling font encoding PD1 ...
... no UTF-8 mapping file for font encoding PD1
)
(/usr/share/texmf-dist/tex/generic/intcalc/intcalc.sty
Package: intcalc 2019/12/15 v1.3 Expandable calculations with integers (HO)
)
(/usr/share/texmf-dist/tex/generic/etexcmds/etexcmds.sty
Package: etexcmds 2019/12/15 v1.7 Avoid name clashes with e-TeX commands (HO)
)
\Hy@SavedSpaceFactor=\count199
Package hyperref Info: Hyper figures OFF on input line 4464.
Package hyperref Info: Link nesting OFF on input line 4469.
Package hyperref Info: Hyper index ON on input line 4472.
Package hyperref Info: Plain pages OFF on input line 4479.
Package hyperref Info: Backreferencing OFF on input line 4484.
Package hyperref Info: Implicit mode ON; LaTeX internals redefined.
Package hyperref Info: Bookmarks ON on input line 4717.
\c@Hy@tempcnt=\count266

(/usr/share/texmf-dist/tex/latex/url/url.sty
\Urlmuskip=\muskip16
Package: url 2013/09/16  ver 3.4  Verb mode for urls, etc.
)
LaTeX Info: Redefining \url on input line 5076.
\XeTeXLinkMargin=\dimen145

(/usr/share/texmf-dist/tex/generic/bitset/bitset.sty
Package: bitset 2019/12/09 v1.3 Handle bit-vector datatype (HO)

(/usr/share/texmf-dist/tex/generic/bigintcalc/bigintcalc.sty
Package: bigintcalc 2019/12/15 v1.5 Expandable calculations on big integers (HO
)
))
\Fld@menulength=\count267
\Field@Width=\dimen146
\Fld@charsize=\dimen147
Package hyperref Info: Hyper figures OFF on input line 6347.
Package hyperref Info: Link nesting OFF on input line 6352.
Package hyperref Info: Hyper index ON on input line 6355.
Package hyperref Info: backreferencing OFF on input line 6362.
Package hyperref Info: Link coloring OFF on input line 6367.
Package hyperref Info: Link coloring with OCG OFF on input line 6372.
Package hyperref Info: PDF/A mode OFF on input line 6377.
LaTeX Info: Redefining \ref on input line 6417.
LaTeX Info: Redefining \pageref on input line 6421.

(/usr/share/texmf-dist/tex/generic/atbegshi/atbegshi.sty
Package: atbegshi 2019/12/05 v1.19 At begin shipout hook (HO)
)
\Hy@abspage=\count268
\c@Item=\count269
\c@Hfootnote=\count270
)
Package hyperref Info: Driver (autodetected): hpdftex.

(/usr/share/texmf-dist/tex/latex/hyperref/hpdftex.def
File: hpdftex.def 2020-05-15 v7.00e Hyperref driver for pdfTeX

(/usr/share/texmf-dist/tex/latex/atveryend/atveryend.sty
Package: atveryend 2019-12-11 v1.11 Hooks at the very end of document (HO)
Package atveryend Info: \enddocument detected (standard20110627).
)
\Fld@listcount=\count271
\c@bookmark@seq@number=\count272

(/usr/share/texmf-dist/tex/latex/rerunfilecheck/rerunfilecheck.sty
Package: rerunfilecheck 2019/12/05 v1.9 Rerun checks for auxiliary files (HO)

(/usr/share/texmf-dist/tex/generic/uniquecounter/uniquecounter.sty
Package: uniquecounter 2019/12/15 v1.4 Provide unlimited unique counter (HO)
)
Package uniquecounter Info: New unique counter `rerunfilecheck' on input line 2
86.
)
\Hy@SectionHShift=\skip49
)
(/usr/share/texmf-dist/tex/latex/float/float.sty
Package: float 2001/11/08 v1.3d Float enhancements (AL)
\c@float@type=\count273
\float@exts=\toks16
\float@box=\box45
\@float@everytoks=\toks17
\@floatcapt=\box46
)
(/usr/share/texmf-dist/tex/latex/amsmath/amsmath.sty
Package: amsmath 2020/01/20 v2.17e AMS math features
\@mathmargin=\skip50

For additional information on amsmath, use the `?' option.
(/usr/share/texmf-dist/tex/latex/amsmath/amstext.sty
Package: amstext 2000/06/29 v2.01 AMS text

(/usr/share/texmf-dist/tex/latex/amsmath/amsgen.sty
File: amsgen.sty 1999/11/30 v2.0 generic functions
\@emptytoks=\toks18
\ex@=\dimen148
))
(/usr/share/texmf-dist/tex/latex/amsmath/amsbsy.sty
Package: amsbsy 1999/11/29 v1.2d Bold Symbols
\pmbraise@=\dimen149
)
(/usr/share/texmf-dist/tex/latex/amsmath/amsopn.sty
Package: amsopn 2016/03/08 v2.02 operator names
)
\inf@bad=\count274
LaTeX Info: Redefining \frac on input line 227.
\uproot@=\count275
\leftroot@=\count276
LaTeX Info: Redefining \overline on input line 389.
\classnum@=\count277
\DOTSCASE@=\count278
LaTeX Info: Redefining \ldots on input line 486.
LaTeX Info: Redefining \dots on input line 489.
LaTeX Info: Redefining \cdots on input line 610.
\Mathstrutbox@=\box47
\strutbox@=\box48
\big@size=\dimen150
LaTeX Font Info:    Redeclaring font encoding OML on input line 733.
LaTeX Font Info:    Redeclaring font encoding OMS on input line 734.
\macc@depth=\count279
\c@MaxMatrixCols=\count280
\dotsspace@=\muskip17
\c@parentequation=\count281
\dspbrk@lvl=\count282
\tag@help=\toks19
\row@=\count283
\column@=\count284
\maxfields@=\count285
\andhelp@=\toks20
\eqnshift@=\dimen151
\alignsep@=\dimen152
\tagshift@=\dimen153
\tagwidth@=\dimen154
\totwidth@=\dimen155
\lineht@=\dimen156
\@envbody=\toks21
\multlinegap=\skip51
\multlinetaggap=\skip52
\mathdisplay@stack=\toks22
LaTeX Info: Redefining \[ on input line 2859.
LaTeX Info: Redefining \] on input line 2860.
)
(/usr/share/texmf-dist/tex/latex/amsfonts/amssymb.sty
Package: amssymb 2013/01/14 v3.01 AMS font symbols

(/usr/share/texmf-dist/tex/latex/amsfonts/amsfonts.sty
Package: amsfonts 2013/01/14 v3.01 Basic AMSFonts support
\symAMSa=\mathgroup4
\symAMSb=\mathgroup5
LaTeX Font Info:    Redeclaring math symbol \hbar on input line 98.
LaTeX Font Info:    Overwriting math alphabet `\mathfrak' in version `bold'
(Font)                  U/euf/m/n --> U/euf/b/n on input line 106.
))
(/usr/share/texmf-dist/tex/latex/geometry/geometry.sty
Package: geometry 2020/01/02 v5.9 Page Geometry

(/usr/share/texmf-dist/tex/generic/iftex/ifvtex.sty
Package: ifvtex 2019/10/25 v1.7 ifvtex legacy package. Use iftex instead.
)
\Gm@cnth=\count286
\Gm@cntv=\count287
\c@Gm@tempcnt=\count288
\Gm@bindingoffset=\dimen157
\Gm@wd@mp=\dimen158
\Gm@odd@mp=\dimen159
\Gm@even@mp=\dimen160
\Gm@layoutwidth=\dimen161
\Gm@layoutheight=\dimen162
\Gm@layouthoffset=\dimen163
\Gm@layoutvoffset=\dimen164
\Gm@dimlist=\toks23
)
(/usr/share/texmf-dist/tex/latex/l3backend/l3backend-pdfmode.def
File: l3backend-pdfmode.def 2020-06-03 L3 backend support: PDF mode
\l__kernel_color_stack_int=\count289
\l__pdf_internal_box=\box49
)

LaTeX Warning: Unused global option(s):
    [a4].

(./extended.aux

LaTeX Warning: Label `eq:eq_torques_dyn' multiply defined.


LaTeX Warning: Label `eq:eq_torques_dyn' multiply defined.


LaTeX Warning: Label `eq:force_from_angular_acceleration' multiply defined.


LaTeX Warning: Label `friction_on_braking' multiply defined.

)
LaTeX Font Info:    Checking defaults for OML/cmm/m/it on input line 18.
LaTeX Font Info:    ... okay on input line 18.
LaTeX Font Info:    Checking defaults for OMS/cmsy/m/n on input line 18.
LaTeX Font Info:    ... okay on input line 18.
LaTeX Font Info:    Checking defaults for OT1/cmr/m/n on input line 18.
LaTeX Font Info:    ... okay on input line 18.
LaTeX Font Info:    Checking defaults for T1/cmr/m/n on input line 18.
LaTeX Font Info:    ... okay on input line 18.
LaTeX Font Info:    Checking defaults for TS1/cmr/m/n on input line 18.
LaTeX Font Info:    ... okay on input line 18.
LaTeX Font Info:    Checking defaults for OMX/cmex/m/n on input line 18.
LaTeX Font Info:    ... okay on input line 18.
LaTeX Font Info:    Checking defaults for U/cmr/m/n on input line 18.
LaTeX Font Info:    ... okay on input line 18.
LaTeX Font Info:    Checking defaults for PD1/pdf/m/n on input line 18.
LaTeX Font Info:    ... okay on input line 18.
 (/usr/share/texmf-dist/tex/context/base/mkii/supp-pdf.mkii
[Loading MPS to PDF converter (version 2006.09.02).]
\scratchcounter=\count290
\scratchdimen=\dimen165
\scratchbox=\box50
\nofMPsegments=\count291
\nofMParguments=\count292
\everyMPshowfont=\toks24
\MPscratchCnt=\count293
\MPscratchDim=\dimen166
\MPnumerator=\count294
\makeMPintoPDFobject=\count295
\everyMPtoPDFconversion=\toks25
) (/usr/share/texmf-dist/tex/latex/epstopdf-pkg/epstopdf-base.sty
Package: epstopdf-base 2020-01-24 v2.11 Base part for package epstopdf
Package epstopdf-base Info: Redefining graphics rule for `.eps' on input line 4
85.

(/usr/share/texmf-dist/tex/latex/latexconfig/epstopdf-sys.cfg
File: epstopdf-sys.cfg 2010/07/13 v1.3 Configuration of (r)epstopdf for TeX Liv
e
))
Package caption Info: Begin \AtBeginDocument code.
Package caption Info: float package is loaded.
Package caption Info: hyperref package is loaded.
Package caption Info: End \AtBeginDocument code.
\AtBeginShipoutBox=\box51
Package hyperref Info: Link coloring OFF on input line 18.

(/usr/share/texmf-dist/tex/latex/hyperref/nameref.sty
Package: nameref 2019/09/16 v2.46 Cross-referencing by name of section

(/usr/share/texmf-dist/tex/latex/refcount/refcount.sty
Package: refcount 2019/12/15 v3.6 Data extraction from label references (HO)
)
(/usr/share/texmf-dist/tex/generic/gettitlestring/gettitlestring.sty
Package: gettitlestring 2019/12/15 v1.6 Cleanup title references (HO)
)
\c@section@level=\count296
)
LaTeX Info: Redefining \ref on input line 18.
LaTeX Info: Redefining \pageref on input line 18.
LaTeX Info: Redefining \nameref on input line 18.

(./extended.out) (./extended.out)
\@outlinefile=\write3

*geometry* driver: auto-detecting
*geometry* detected driver: pdftex
*geometry* verbose mode - [ preamble ] result:
* driver: pdftex
* paper: <default>
* layout: <same size as paper>
* layoutoffset:(h,v)=(0.0pt,0.0pt)
* modes: 
* h-part:(L,W,R)=(54.2025pt, 505.89pt, 54.2025pt)
* v-part:(T,H,B)=(54.2025pt, 686.56499pt, 54.2025pt)
* \paperwidth=614.295pt
* \paperheight=794.96999pt
* \textwidth=505.89pt
* \textheight=686.56499pt
* \oddsidemargin=-18.06749pt
* \evensidemargin=-18.06749pt
* \topmargin=-55.06749pt
* \headheight=12.0pt
* \headsep=25.0pt
* \topskip=12.0pt
* \footskip=30.0pt
* \marginparwidth=44.0pt
* \marginparsep=10.0pt
* \columnsep=10.0pt
* \skip\footins=10.8pt plus 4.0pt minus 2.0pt
* \hoffset=0.0pt
* \voffset=0.0pt
* \mag=1000
* \@twocolumnfalse
* \@twosidefalse
* \@mparswitchfalse
* \@reversemarginfalse
* (1in=72.27pt=25.4mm, 1cm=28.453pt)

LaTeX Font Info:    Trying to load font information for U+msa on input line 20.

(/usr/share/texmf-dist/tex/latex/amsfonts/umsa.fd
File: umsa.fd 2013/01/14 v3.01 AMS symbols A
)
LaTeX Font Info:    Trying to load font information for U+msb on input line 20.


(/usr/share/texmf-dist/tex/latex/amsfonts/umsb.fd
File: umsb.fd 2013/01/14 v3.01 AMS symbols B
) [1

{/var/lib/texmf/fonts/map/pdftex/updmap/pdftex.map}]
<./images/bike_static_model_bike.jpg, id=158, 527.9725pt x 610.28pt>
File: ./images/bike_static_model_bike.jpg Graphic file (type jpg)
<use ./images/bike_static_model_bike.jpg>
Package pdftex.def Info: ./images/bike_static_model_bike.jpg  used on input lin
e 65.
(pdftex.def)             Requested size: 151.76854pt x 175.42154pt.
<./images/bike_static_model_simplified.jpg, id=159, 589.20125pt x 331.2375pt>
File: ./images/bike_static_model_simplified.jpg Graphic file (type jpg)
<use ./images/bike_static_model_simplified.jpg>
Package pdftex.def Info: ./images/bike_static_model_simplified.jpg  used on inp
ut line 70.
(pdftex.def)             Requested size: 151.76854pt x 85.32114pt.
<./images/static_forces_simplified.jpg, id=160, 693.59125pt x 368.37625pt>
File: ./images/static_forces_simplified.jpg Graphic file (type jpg)
<use ./images/static_forces_simplified.jpg>
Package pdftex.def Info: ./images/static_forces_simplified.jpg  used on input l
ine 83.
(pdftex.def)             Requested size: 252.94499pt x 134.34097pt.
 [2 <./images/bike_static_model_bike.jpg> <./images/bike_static_model_simplifie
d.jpg>]
<./images/axles_static_graph.png, id=171, 462.528pt x 346.896pt>
File: ./images/axles_static_graph.png Graphic file (type png)
<use ./images/axles_static_graph.png>
Package pdftex.def Info: ./images/axles_static_graph.png  used on input line 11
1.
(pdftex.def)             Requested size: 252.94499pt x 189.70827pt.
 [3 <./images/static_forces_simplified.jpg> <./images/axles_static_graph.png>]
<./images/decelerating_forces_diagram.jpg, id=193, 755.82375pt x 397.485pt>
File: ./images/decelerating_forces_diagram.jpg Graphic file (type jpg)
<use ./images/decelerating_forces_diagram.jpg>
Package pdftex.def Info: ./images/decelerating_forces_diagram.jpg  used on inpu
t line 122.
(pdftex.def)             Requested size: 252.94499pt x 133.02031pt.
<./images/axles_dynamic_graph.png, id=198, 586.19pt x 431.6125pt>
File: ./images/axles_dynamic_graph.png Graphic file (type png)
<use ./images/axles_dynamic_graph.png>
Package pdftex.def Info: ./images/axles_dynamic_graph.png  used on input line 1
50.
(pdftex.def)             Requested size: 252.94499pt x 186.24174pt.
 [4 <./images/decelerating_forces_diagram.jpg> <./images/axles_dynamic_graph.pn
g>]
<./images/angular_acceleration_diagram.jpg, id=211, 677.53125pt x 528.97626pt>
File: ./images/angular_acceleration_diagram.jpg Graphic file (type jpg)
<use ./images/angular_acceleration_diagram.jpg>
Package pdftex.def Info: ./images/angular_acceleration_diagram.jpg  used on inp
ut line 170.
(pdftex.def)             Requested size: 252.94499pt x 197.48581pt.
<./images/angular_acceleration.png, id=216, 462.528pt x 346.896pt>
File: ./images/angular_acceleration.png Graphic file (type png)
<use ./images/angular_acceleration.png>
Package pdftex.def Info: ./images/angular_acceleration.png  used on input line 
204.
(pdftex.def)             Requested size: 404.71353pt x 303.54912pt.
 [5 <./images/angular_acceleration_diagram.jpg>]
<./images/bike_geometry.jpg, id=227, 374.39874pt x 247.92625pt>
File: ./images/bike_geometry.jpg Graphic file (type jpg)
<use ./images/bike_geometry.jpg>
Package pdftex.def Info: ./images/bike_geometry.jpg  used on input line 231.
(pdftex.def)             Requested size: 252.94499pt x 167.50188pt.
 [6 <./images/angular_acceleration.png>] [7 <./images/bike_geometry.jpg>]
<./images/force_from_angular_acceleration.jpg, id=247, 1204.5pt x 903.375pt>
File: ./images/force_from_angular_acceleration.jpg Graphic file (type jpg)
<use ./images/force_from_angular_acceleration.jpg>
Package pdftex.def Info: ./images/force_from_angular_acceleration.jpg  used on 
input line 282.
(pdftex.def)             Requested size: 354.12144pt x 265.58354pt.

[8 <./images/force_from_angular_acceleration.jpg>]
<./images/maximum_theoretical_deceleration.jpg, id=255, 1204.5pt x 903.375pt>
File: ./images/maximum_theoretical_deceleration.jpg Graphic file (type jpg)
<use ./images/maximum_theoretical_deceleration.jpg>
Package pdftex.def Info: ./images/maximum_theoretical_deceleration.jpg  used on
 input line 298.
(pdftex.def)             Requested size: 354.12144pt x 265.58354pt.
<./images/maximum_practical_deceleration.jpg, id=261, 1204.5pt x 903.375pt>
File: ./images/maximum_practical_deceleration.jpg Graphic file (type jpg)
<use ./images/maximum_practical_deceleration.jpg>
Package pdftex.def Info: ./images/maximum_practical_deceleration.jpg  used on i
nput line 318.
(pdftex.def)             Requested size: 354.12144pt x 265.58354pt.
 [9 <./images/maximum_theoretical_deceleration.jpg>]
<./images/friction_on_braking.jpg, id=271, 1204.5pt x 903.375pt>
File: ./images/friction_on_braking.jpg Graphic file (type jpg)
<use ./images/friction_on_braking.jpg>
Package pdftex.def Info: ./images/friction_on_braking.jpg  used on input line 3
33.
(pdftex.def)             Requested size: 303.53708pt x 227.64894pt.
 [10 <./images/maximum_practical_deceleration.jpg>]
<./images/height_on_braking.jpg, id=277, 1204.5pt x 903.375pt>
File: ./images/height_on_braking.jpg Graphic file (type jpg)
<use ./images/height_on_braking.jpg>
Package pdftex.def Info: ./images/height_on_braking.jpg  used on input line 357
.
(pdftex.def)             Requested size: 303.53708pt x 227.64894pt.

[11 <./images/friction_on_braking.jpg> <./images/height_on_braking.jpg>]
<./images/mass_on_braking.jpg, id=285, 1204.5pt x 903.375pt>
File: ./images/mass_on_braking.jpg Graphic file (type jpg)
<use ./images/mass_on_braking.jpg>
Package pdftex.def Info: ./images/mass_on_braking.jpg  used on input line 383.
(pdftex.def)             Requested size: 303.53708pt x 227.64894pt.

[12 <./images/mass_on_braking.jpg>] [13] [14]
Overfull \hbox (9.20206pt too wide) in paragraph at lines 479--480
\OT1/cmr/m/n/12 Septem-ber 11, 2013, YouTube video, 3:02, []$\OT1/cmtt/m/n/12 h
ttps : / / www . youtube . com / watch ? v = frIKK _ XU-[]qE &
 []


Overfull \hbox (9.20206pt too wide) in paragraph at lines 487--488
\OT1/cmr/m/n/12 Septem-ber 11, 2013, YouTube video, 3:02, []$\OT1/cmtt/m/n/12 h
ttps : / / www . youtube . com / watch ? v = frIKK _ XU-[]qE &
 []

Package atveryend Info: Empty hook `BeforeClearDocument' on input line 490.
[15]
Package atveryend Info: Empty hook `AfterLastShipout' on input line 490.
 (./extended.aux)
Package atveryend Info: Executing hook `AtVeryEndDocument' on input line 490.
Package atveryend Info: Executing hook `AtEndAfterFileList' on input line 490.
Package rerunfilecheck Info: File `extended.out' has not changed.
(rerunfilecheck)             Checksum: B3E7045B29AC6ABCF1CB3E4206494956;2754.


LaTeX Warning: There were multiply-defined labels.

Package atveryend Info: Empty hook `AtVeryVeryEnd' on input line 490.
 ) 
Here is how much of TeX's memory you used:
 8457 strings out of 480478
 130219 string characters out of 5905959
 393421 words of memory out of 5000000
 24260 multiletter control sequences out of 15000+600000
 542899 words of font info for 65 fonts, out of 8000000 for 9000
 1141 hyphenation exceptions out of 8191
 45i,12n,47p,288b,477s stack positions out of 5000i,500n,10000p,200000b,80000s
{/usr/share/texmf-dist/fonts/enc/dvips/cm-super/cm-super-ts1.enc}</usr/share/
texmf-dist/fonts/type1/public/amsfonts/cm/cmbx12.pfb></usr/share/texmf-dist/fon
ts/type1/public/amsfonts/cm/cmex10.pfb></usr/share/texmf-dist/fonts/type1/publi
c/amsfonts/cm/cmmi12.pfb></usr/share/texmf-dist/fonts/type1/public/amsfonts/cm/
cmmi8.pfb></usr/share/texmf-dist/fonts/type1/public/amsfonts/cm/cmr10.pfb></usr
/share/texmf-dist/fonts/type1/public/amsfonts/cm/cmr12.pfb></usr/share/texmf-di
st/fonts/type1/public/amsfonts/cm/cmr17.pfb></usr/share/texmf-dist/fonts/type1/
public/amsfonts/cm/cmr6.pfb></usr/share/texmf-dist/fonts/type1/public/amsfonts/
cm/cmr7.pfb></usr/share/texmf-dist/fonts/type1/public/amsfonts/cm/cmr8.pfb></us
r/share/texmf-dist/fonts/type1/public/amsfonts/cm/cmsy10.pfb></usr/share/texmf-
dist/fonts/type1/public/amsfonts/cm/cmsy8.pfb></usr/share/texmf-dist/fonts/type
1/public/amsfonts/cm/cmti12.pfb></usr/share/texmf-dist/fonts/type1/public/amsfo
nts/cm/cmtt12.pfb></usr/share/texmf-dist/fonts/type1/public/cm-super/sfrm1200.p
fb>
Output written on extended.pdf (15 pages, 686687 bytes).
PDF statistics:
 388 PDF objects out of 1000 (max. 8388607)
 334 compressed objects within 4 object streams
 87 named destinations out of 1000 (max. 500000)
 364 words of extra memory for PDF output out of 10000 (max. 10000000)

